[debug] [2023-05-27T03:57:09.943Z] ----------------------------------------------------------------------
[debug] [2023-05-27T03:57:09.946Z] Command:       C:\Program Files\nodejs\node.exe C:\Users\VICTOR MITRA\AppData\Roaming\npm\node_modules\firebase-tools\lib\bin\firebase.js init
[debug] [2023-05-27T03:57:09.947Z] CLI Version:   11.25.1
[debug] [2023-05-27T03:57:09.948Z] Platform:      win32
[debug] [2023-05-27T03:57:09.948Z] Node Version:  v18.12.1
[debug] [2023-05-27T03:57:09.950Z] Time:          Sat May 27 2023 09:27:09 GMT+0530 (India Standard Time)
[debug] [2023-05-27T03:57:09.950Z] ----------------------------------------------------------------------
[debug] 
[debug] [2023-05-27T03:57:09.966Z] > command requires scopes: ["email","openid","https://www.googleapis.com/auth/cloudplatformprojects.readonly","https://www.googleapis.com/auth/firebase","https://www.googleapis.com/auth/cloud-platform"]
[debug] [2023-05-27T03:57:09.967Z] > authorizing via signed-in user (victor.mitra15@gmail.com)
[info] 
     ######## #### ########  ######## ########     ###     ######  ########
     ##        ##  ##     ## ##       ##     ##  ##   ##  ##       ##
     ######    ##  ########  ######   ########  #########  ######  ######
     ##        ##  ##    ##  ##       ##     ## ##     ##       ## ##
     ##       #### ##     ## ######## ########  ##     ##  ######  ########

You're about to initialize a Firebase project in this directory:

  C:\Users\VICTOR MITRA\Desktop\Part2

[info] 
=== Project Setup
[info] 
[info] First, let's associate this project directory with a Firebase project.
[info] You can create multiple project aliases by running firebase use --add, 
[info] but for now we'll just set up a default project.
[info] 
[info] i  If you want to create a project in a Google Cloud organization or folder, please use "firebase projects:create" instead, and return to this command when you've created the project. 
[debug] [2023-05-27T04:03:40.324Z] ----------------------------------------------------------------------
[debug] [2023-05-27T04:03:40.327Z] Command:       C:\Program Files\nodejs\node.exe C:\Users\VICTOR MITRA\AppData\Roaming\npm\node_modules\firebase-tools\lib\bin\firebase.js init
[debug] [2023-05-27T04:03:40.328Z] CLI Version:   11.25.1
[debug] [2023-05-27T04:03:40.329Z] Platform:      win32
[debug] [2023-05-27T04:03:40.329Z] Node Version:  v18.12.1
[debug] [2023-05-27T04:03:40.331Z] Time:          Sat May 27 2023 09:33:40 GMT+0530 (India Standard Time)
[debug] [2023-05-27T04:03:40.331Z] ----------------------------------------------------------------------
[debug] 
[debug] [2023-05-27T04:03:40.347Z] > command requires scopes: ["email","openid","https://www.googleapis.com/auth/cloudplatformprojects.readonly","https://www.googleapis.com/auth/firebase","https://www.googleapis.com/auth/cloud-platform"]
[debug] [2023-05-27T04:03:40.348Z] > authorizing via signed-in user (victor.mitra15@gmail.com)
[info] 
     ######## #### ########  ######## ########     ###     ######  ########
     ##        ##  ##     ## ##       ##     ##  ##   ##  ##       ##
     ######    ##  ########  ######   ########  #########  ######  ######
     ##        ##  ##    ##  ##       ##     ## ##     ##       ## ##
     ##       #### ##     ## ######## ########  ##     ##  ######  ########

You're about to initialize a Firebase project in this directory:

  C:\Users\VICTOR MITRA\Desktop\Part2

